======================================================================
  IoT BACKEND CONSUMER — RabbitMQ
======================================================================
  Exchange:  iot_telemetry (topic)
  Queue:     sensor_data
  Binding:   sensor.#
  Broker:    localhost:5672
======================================================================
  Waiting for messages... (Ctrl+C to stop and show summary)


======================================================================
  [📊 TELEMETRY] Message #1 (t+21.7s)
  Protocol: HTTP
  Device:   http-sensor-01
  temperature: 29.19
  humidity: 86.78
  soil_moisture: 67.09
  Routing:  sensor.http-sensor-01
  Queue:    sensor.http-sensor-01 → sensor_data
======================================================================

======================================================================
  [📊 TELEMETRY] Message #2 (t+23.7s)
  Protocol: HTTP
  Device:   http-sensor-01
  temperature: 35.82
  humidity: 76.42
  soil_moisture: 48.18
  Routing:  sensor.http-sensor-01
  Queue:    sensor.http-sensor-01 → sensor_data
======================================================================

======================================================================
  [📊 TELEMETRY] Message #3 (t+25.7s)
  Protocol: HTTP
  Device:   http-sensor-01
  temperature: 30.73
  humidity: 74.33
  soil_moisture: 31.07
  Routing:  sensor.http-sensor-01
  Queue:    sensor.http-sensor-01 → sensor_data
======================================================================

======================================================================
  [📊 TELEMETRY] Message #4 (t+27.7s)
  Protocol: HTTP
  Device:   http-sensor-01
  temperature: 19.4
  humidity: 64.96
  soil_moisture: 45.7
  Routing:  sensor.http-sensor-01
  Queue:    sensor.http-sensor-01 → sensor_data
======================================================================

======================================================================
  [📊 TELEMETRY] Message #5 (t+29.7s)
  Protocol: HTTP
  Device:   http-sensor-01
  temperature: 23.91
  humidity: 37.95
  soil_moisture: 62.05
  Routing:  sensor.http-sensor-01
  Queue:    sensor.http-sensor-01 → sensor_data
======================================================================

======================================================================
  [📊 TELEMETRY] Message #6 (t+31.7s)
  Protocol: HTTP
  Device:   http-sensor-01
  temperature: 35.32
  humidity: 77.27
  soil_moisture: 33.25
  Routing:  sensor.http-sensor-01
  Queue:    sensor.http-sensor-01 → sensor_data
======================================================================

======================================================================
  [📊 TELEMETRY] Message #7 (t+33.7s)
  Protocol: HTTP
  Device:   http-sensor-01
  temperature: 21.12
  humidity: 35.13
  soil_moisture: 58.3
  Routing:  sensor.http-sensor-01
  Queue:    sensor.http-sensor-01 → sensor_data
======================================================================

======================================================================
  [📊 TELEMETRY] Message #8 (t+35.7s)
  Protocol: HTTP
  Device:   http-sensor-01
  temperature: 21.27
  humidity: 58.86
  soil_moisture: 58.74
  Routing:  sensor.http-sensor-01
  Queue:    sensor.http-sensor-01 → sensor_data
======================================================================

======================================================================
  [📊 TELEMETRY] Message #9 (t+37.7s)
  Protocol: HTTP
  Device:   http-sensor-01
  temperature: 40.63
  humidity: 57.79
  soil_moisture: 26.02
  Routing:  sensor.http-sensor-01
  Queue:    sensor.http-sensor-01 → sensor_data
======================================================================

======================================================================
  [📊 TELEMETRY] Message #10 (t+39.7s)
  Protocol: HTTP
  Device:   http-sensor-01
  temperature: 32.96
  humidity: 42.45
  soil_moisture: 41.3
  Routing:  sensor.http-sensor-01
  Queue:    sensor.http-sensor-01 → sensor_data
======================================================================

======================================================================
  [⚠️  ALERT] Message #11 (t+39.7s)
  Protocol: HTTP
  Device:   http-sensor-01
  Alert:    temperature_high
  Message:  CRITICAL: Greenhouse temperature exceeds threshold!
  temperature: 45.7
  Routing:  sensor.alert.http-sensor-01
  Queue:    sensor.alert.http-sensor-01 → sensor_data
======================================================================

======================================================================
  [📊 TELEMETRY] Message #12 (t+49.3s)
  Protocol: MQTT
  Device:   mqtt-sensor-01
  temperature: 18.77
  humidity: 49.41
  soil_moisture: 77.82
  Routing:  sensor.mqtt-sensor-01
  Queue:    sensor.mqtt-sensor-01 → sensor_data
======================================================================

======================================================================
  [📊 TELEMETRY] Message #13 (t+51.3s)
  Protocol: MQTT
  Device:   mqtt-sensor-01
  temperature: 33.76
  humidity: 64.59
  soil_moisture: 58.73
  Routing:  sensor.mqtt-sensor-01
  Queue:    sensor.mqtt-sensor-01 → sensor_data
======================================================================

======================================================================
  [📊 TELEMETRY] Message #14 (t+53.3s)
  Protocol: MQTT
  Device:   mqtt-sensor-01
  temperature: 25.95
  humidity: 48.2
  soil_moisture: 38.53
  Routing:  sensor.mqtt-sensor-01
  Queue:    sensor.mqtt-sensor-01 → sensor_data
======================================================================

======================================================================
  [📊 TELEMETRY] Message #15 (t+55.3s)
  Protocol: MQTT
  Device:   mqtt-sensor-01
  temperature: 33.9
  humidity: 58.99
  soil_moisture: 31.34
  Routing:  sensor.mqtt-sensor-01
  Queue:    sensor.mqtt-sensor-01 → sensor_data
======================================================================

======================================================================
  [📊 TELEMETRY] Message #16 (t+57.3s)
  Protocol: MQTT
  Device:   mqtt-sensor-01
  temperature: 19.53
  humidity: 93.64
  soil_moisture: 66.55
  Routing:  sensor.mqtt-sensor-01
  Queue:    sensor.mqtt-sensor-01 → sensor_data
======================================================================

======================================================================
  [📊 TELEMETRY] Message #17 (t+59.3s)
  Protocol: MQTT
  Device:   mqtt-sensor-01
  temperature: 36.36
  humidity: 40.07
  soil_moisture: 14.48
  Routing:  sensor.mqtt-sensor-01
  Queue:    sensor.mqtt-sensor-01 → sensor_data
======================================================================

======================================================================
  [📊 TELEMETRY] Message #18 (t+61.3s)
  Protocol: MQTT
  Device:   mqtt-sensor-01
  temperature: 31.55
  humidity: 73.34
  soil_moisture: 51.25
  Routing:  sensor.mqtt-sensor-01
  Queue:    sensor.mqtt-sensor-01 → sensor_data
======================================================================

======================================================================
  [📊 TELEMETRY] Message #19 (t+63.3s)
  Protocol: MQTT
  Device:   mqtt-sensor-01
  temperature: 40.82
  humidity: 88.04
  soil_moisture: 66.49
  Routing:  sensor.mqtt-sensor-01
  Queue:    sensor.mqtt-sensor-01 → sensor_data
======================================================================

======================================================================
  [📊 TELEMETRY] Message #20 (t+65.3s)
  Protocol: MQTT
  Device:   mqtt-sensor-01
  temperature: 25.08
  humidity: 87.57
  soil_moisture: 37.54
  Routing:  sensor.mqtt-sensor-01
  Queue:    sensor.mqtt-sensor-01 → sensor_data
======================================================================

======================================================================
  [📊 TELEMETRY] Message #21 (t+67.3s)
  Protocol: MQTT
  Device:   mqtt-sensor-01
  temperature: 18.13
  humidity: 43.6
  soil_moisture: 58.44
  Routing:  sensor.mqtt-sensor-01
  Queue:    sensor.mqtt-sensor-01 → sensor_data
======================================================================

======================================================================
  [📊 TELEMETRY] Message #22 (t+68.3s)
  Protocol: MQTT
  Device:   mqtt-sensor-01
  soil_moisture: 5.2
  Routing:  sensor.alert.mqtt-sensor-01
  Queue:    sensor.alert.mqtt-sensor-01 → sensor_data
======================================================================

======================================================================
  [📊 TELEMETRY] Message #23 (t+83.4s)
  Protocol: CoAP
  Device:   coap-sensor-01
  temperature: 34.73
  humidity: 45.08
  soil_moisture: 42.44
  Routing:  sensor.coap-sensor-01
  Queue:    sensor.coap-sensor-01 → sensor_data
======================================================================

======================================================================
  [📊 TELEMETRY] Message #24 (t+163.3s)
  Protocol: CoAP
  Device:   test
  temperature: 25
  Routing:  sensor.test
  Queue:    sensor.test → sensor_data
======================================================================

======================================================================
  [📊 TELEMETRY] Message #25 (t+197.7s)
  Protocol: CoAP
  Device:   coap-sensor-01
  temperature: 37.26
  humidity: 68.65
  soil_moisture: 75.6
  Routing:  sensor.coap-sensor-01
  Queue:    sensor.coap-sensor-01 → sensor_data
======================================================================

======================================================================
  [📊 TELEMETRY] Message #26 (t+242.2s)
  Protocol: CoAP
  Device:   coap-test
  temperature: 25
  humidity: 50
  soil_moisture: 30
  Routing:  sensor.coap-test
  Queue:    sensor.coap-test → sensor_data
======================================================================

======================================================================
  [📊 TELEMETRY] Message #27 (t+242.7s)
  Protocol: CoAP
  Device:   coap-test
  temperature: 26
  humidity: 50
  soil_moisture: 30
  Routing:  sensor.coap-test
  Queue:    sensor.coap-test → sensor_data
======================================================================

======================================================================
  [📊 TELEMETRY] Message #28 (t+243.2s)
  Protocol: CoAP
  Device:   coap-test
  temperature: 27
  humidity: 50
  soil_moisture: 30
  Routing:  sensor.coap-test
  Queue:    sensor.coap-test → sensor_data
======================================================================

======================================================================
  [📊 TELEMETRY] Message #29 (t+257.3s)
  Protocol: CoAP
  Device:   coap-sensor-01
  temperature: 25
  humidity: 50
  soil_moisture: 30
  Routing:  sensor.coap-sensor-01
  Queue:    sensor.coap-sensor-01 → sensor_data
======================================================================

======================================================================
  [📊 TELEMETRY] Message #30 (t+258.3s)
  Protocol: CoAP
  Device:   coap-sensor-01
  temperature: 26
  humidity: 50
  soil_moisture: 30
  Routing:  sensor.coap-sensor-01
  Queue:    sensor.coap-sensor-01 → sensor_data
======================================================================

======================================================================
  [📊 TELEMETRY] Message #31 (t+259.3s)
  Protocol: CoAP
  Device:   coap-sensor-01
  temperature: 27
  humidity: 50
  soil_moisture: 30
  Routing:  sensor.coap-sensor-01
  Queue:    sensor.coap-sensor-01 → sensor_data
======================================================================

======================================================================
  [📊 TELEMETRY] Message #32 (t+260.3s)
  Protocol: CoAP
  Device:   coap-sensor-01
  temperature: 28
  humidity: 50
  soil_moisture: 30
  Routing:  sensor.coap-sensor-01
  Queue:    sensor.coap-sensor-01 → sensor_data
======================================================================

======================================================================
  [📊 TELEMETRY] Message #33 (t+261.3s)
  Protocol: CoAP
  Device:   coap-sensor-01
  temperature: 29
  humidity: 50
  soil_moisture: 30
  Routing:  sensor.coap-sensor-01
  Queue:    sensor.coap-sensor-01 → sensor_data
======================================================================

======================================================================
  [⚠️  ALERT] Message #34 (t+262.3s)
  Protocol: CoAP
  Device:   coap-sensor-01
  Alert:    humidity_high
  Message:  CRITICAL
  humidity: 97.5
  Routing:  sensor.alert.coap-sensor-01
  Queue:    sensor.alert.coap-sensor-01 → sensor_data
======================================================================
